[debug] [2022-10-26T23:33:14.581Z] ----------------------------------------------------------------------
[debug] [2022-10-26T23:33:14.583Z] Command:       C:\Program Files\nodejs\node.exe C:\Program Files\nodejs\node_modules\firebase-tools\lib\bin\firebase.js init
[debug] [2022-10-26T23:33:14.584Z] CLI Version:   11.15.0
[debug] [2022-10-26T23:33:14.584Z] Platform:      win32
[debug] [2022-10-26T23:33:14.584Z] Node Version:  v16.16.0
[debug] [2022-10-26T23:33:14.586Z] Time:          Wed Oct 26 2022 20:33:14 GMT-0300 (hora estándar de Argentina)
[debug] [2022-10-26T23:33:14.586Z] ----------------------------------------------------------------------
[debug] 
[debug] [2022-10-26T23:33:14.595Z] > command requires scopes: ["email","openid","https://www.googleapis.com/auth/cloudplatformprojects.readonly","https://www.googleapis.com/auth/firebase","https://www.googleapis.com/auth/cloud-platform"]
[debug] [2022-10-26T23:33:14.596Z] > authorizing via signed-in user (nati.oesquer@hotmail.com)
[info] 
     ######## #### ########  ######## ########     ###     ######  ########
     ##        ##  ##     ## ##       ##     ##  ##   ##  ##       ##
     ######    ##  ########  ######   ########  #########  ######  ######
     ##        ##  ##    ##  ##       ##     ## ##     ##       ## ##
     ##       #### ##     ## ######## ########  ##     ##  ######  ########

You're about to initialize a Firebase project in this directory:

  D:\Proyecto\Porfolio\ProyectoFinal_NataliaOesquer\Proyecto_NataliaOesquer\FrontEnd

[info] 
=== Project Setup
[info] 
[info] First, let's associate this project directory with a Firebase project.
[info] You can create multiple project aliases by running firebase use --add, 
[info] but for now we'll just set up a default project.
[info] 
[debug] [2022-10-26T23:38:22.549Z] >>> [apiv2][query] GET https://firebase.googleapis.com/v1beta1/projects pageSize=100
[debug] [2022-10-26T23:38:23.224Z] <<< [apiv2][status] GET https://firebase.googleapis.com/v1beta1/projects 200
[debug] [2022-10-26T23:38:23.224Z] <<< [apiv2][body] GET https://firebase.googleapis.com/v1beta1/projects [omitted]
[info] i  Using project frontendproyect (frontendproyect) 
[info] 
=== Hosting Setup
[info] 
[info] Your public directory is the folder (relative to your project directory) that
[info] will contain Hosting assets to be uploaded with firebase deploy. If you
[info] have a build process for your assets, use your build's output directory.
[info] 
